<?xml version="1.0" encoding="UTF-8"?>
<!-- Generated by org.testng.reporters.JUnitReportReporter -->
<testsuite hostname="DRAGON" name="Testng.Improvedtestng" tests="2" failures="0" timestamp="16 Feb 2019 14:00:19 GMT" time="0.051" errors="0">
  <testcase name="verifytitle" time="0.043" classname="Testng.Improvedtestng"/>
  <testcase name="verifyurl" time="0.008" classname="Testng.Improvedtestng"/>
</testsuite>
